npm WARN using --force Recommended protections disabled.
npm ERR! code EUSAGE
npm ERR! npm cache
npm ERR! 
npm ERR! Manipulates packages cache
npm ERR! 
npm ERR! Usage:
npm ERR! npm cache add <tarball file>
npm ERR! npm cache add <folder>
npm ERR! npm cache add <tarball url>
npm ERR! npm cache add <git url>
npm ERR! npm cache add <name>@<version>
npm ERR! npm cache clean
npm ERR! npm cache verify
npm ERR! 
npm ERR! Options:
npm ERR! [--cache <cache>]
npm ERR! 
npm ERR! Run "npm help cache" for more info

npm ERR! A complete log of this run can be found in:
npm ERR!     /Users/sllewmas/.npm/_logs/2023-02-05T12_13_58_168Z-debug.log
